[INFO] Scanning for projects...
[INFO] 
[INFO] -------------------< com.rock.iit.neet.api:backend >--------------------
[INFO] Building ROCK IIT NEET API 1.0.0
[INFO]   from pom.xml
[INFO] --------------------------------[ jar ]---------------------------------
[INFO] 
[INFO] >>> spring-boot:3.2.4:run (default-cli) > test-compile @ backend >>>
[INFO] 
[INFO] --- resources:3.3.1:resources (default-resources) @ backend ---
[INFO] Copying 1 resource from src/main/resources to target/classes
[INFO] Copying 0 resource from src/main/resources to target/classes
[INFO] 
[INFO] --- compiler:3.11.0:compile (default-compile) @ backend ---
[INFO] Nothing to compile - all classes are up to date
[INFO] 
[INFO] --- resources:3.3.1:testResources (default-testResources) @ backend ---
[INFO] skip non existing resourceDirectory /Users/vishwjeetkumar/Desktop/Rock/rock-iit-neet-api/src/test/resources
[INFO] 
[INFO] --- compiler:3.11.0:testCompile (default-testCompile) @ backend ---
[INFO] No sources to compile
[INFO] 
[INFO] <<< spring-boot:3.2.4:run (default-cli) < test-compile @ backend <<<
[INFO] 
[INFO] 
[INFO] --- spring-boot:3.2.4:run (default-cli) @ backend ---
[INFO] Attaching agents: []

  .   ____          _            __ _ _
 /\\ / ___'_ __ _ _(_)_ __  __ _ \ \ \ \
( ( )\___ | '_ | '_| | '_ \/ _` | \ \ \ \
 \\/  ___)| |_)| | | | | || (_| |  ) ) ) )
  '  |____| .__|_| |_|_| |_\__, | / / / /
 =========|_|==============|___/=/_/_/_/
 :: Spring Boot ::                (v3.2.4)

2026-03-26T18:46:01.765+05:30  INFO 87497 --- [rock-iit-neet-api] [  restartedMain] com.rock.iit.neet.BackendApplication          : Starting BackendApplication using Java 17.0.12 with PID 87497 (/Users/vishwjeetkumar/Desktop/Rock/rock-iit-neet-api/target/classes started by vishwjeetkumar in /Users/vishwjeetkumar/Desktop/Rock/rock-iit-neet-api)
2026-03-26T18:46:01.766+05:30 DEBUG 87497 --- [rock-iit-neet-api] [  restartedMain] com.rock.iit.neet.BackendApplication          : Running with Spring Boot v3.2.4, Spring v6.1.5
2026-03-26T18:46:01.766+05:30  INFO 87497 --- [rock-iit-neet-api] [  restartedMain] com.rock.iit.neet.BackendApplication          : No active profile set, falling back to 1 default profile: "default"
2026-03-26T18:46:01.790+05:30  INFO 87497 --- [rock-iit-neet-api] [  restartedMain] .e.DevToolsPropertyDefaultsPostProcessor : Devtools property defaults active! Set 'spring.devtools.add-properties' to 'false' to disable
2026-03-26T18:46:01.790+05:30  INFO 87497 --- [rock-iit-neet-api] [  restartedMain] .e.DevToolsPropertyDefaultsPostProcessor : For additional web related logging consider setting the 'logging.level.web' property to 'DEBUG'
2026-03-26T18:46:02.144+05:30  INFO 87497 --- [rock-iit-neet-api] [  restartedMain] .s.d.r.c.RepositoryConfigurationDelegate : Bootstrapping Spring Data JPA repositories in DEFAULT mode.
2026-03-26T18:46:02.177+05:30  INFO 87497 --- [rock-iit-neet-api] [  restartedMain] .s.d.r.c.RepositoryConfigurationDelegate : Finished Spring Data repository scanning in 29 ms. Found 6 JPA repository interfaces.
2026-03-26T18:46:02.489+05:30  INFO 87497 --- [rock-iit-neet-api] [  restartedMain] o.s.b.w.embedded.tomcat.TomcatWebServer  : Tomcat initialized with port 8080 (http)
2026-03-26T18:46:02.495+05:30  INFO 87497 --- [rock-iit-neet-api] [  restartedMain] o.apache.catalina.core.StandardService   : Starting service [Tomcat]
2026-03-26T18:46:02.495+05:30  INFO 87497 --- [rock-iit-neet-api] [  restartedMain] o.apache.catalina.core.StandardEngine    : Starting Servlet engine: [Apache Tomcat/10.1.19]
2026-03-26T18:46:02.515+05:30  INFO 87497 --- [rock-iit-neet-api] [  restartedMain] o.a.c.c.C.[Tomcat].[localhost].[/]       : Initializing Spring embedded WebApplicationContext
2026-03-26T18:46:02.516+05:30  INFO 87497 --- [rock-iit-neet-api] [  restartedMain] w.s.c.ServletWebServerApplicationContext : Root WebApplicationContext: initialization completed in 725 ms
2026-03-26T18:46:02.595+05:30  INFO 87497 --- [rock-iit-neet-api] [  restartedMain] o.hibernate.jpa.internal.util.LogHelper  : HHH000204: Processing PersistenceUnitInfo [name: default]
2026-03-26T18:46:02.628+05:30  INFO 87497 --- [rock-iit-neet-api] [  restartedMain] org.hibernate.Version                    : HHH000412: Hibernate ORM core version 6.4.4.Final
2026-03-26T18:46:02.646+05:30  INFO 87497 --- [rock-iit-neet-api] [  restartedMain] o.h.c.internal.RegionFactoryInitiator    : HHH000026: Second-level cache disabled
2026-03-26T18:46:02.768+05:30  INFO 87497 --- [rock-iit-neet-api] [  restartedMain] o.s.o.j.p.SpringPersistenceUnitInfo      : No LoadTimeWeaver setup: ignoring JPA class transformer
2026-03-26T18:46:02.783+05:30  INFO 87497 --- [rock-iit-neet-api] [  restartedMain] com.zaxxer.hikari.HikariDataSource       : HikariPool-1 - Starting...
2026-03-26T18:46:02.886+05:30  INFO 87497 --- [rock-iit-neet-api] [  restartedMain] com.zaxxer.hikari.pool.HikariPool        : HikariPool-1 - Added connection org.postgresql.jdbc.PgConnection@10ac2522
2026-03-26T18:46:02.887+05:30  INFO 87497 --- [rock-iit-neet-api] [  restartedMain] com.zaxxer.hikari.HikariDataSource       : HikariPool-1 - Start completed.
2026-03-26T18:46:02.914+05:30  WARN 87497 --- [rock-iit-neet-api] [  restartedMain] org.hibernate.orm.deprecation            : HHH90000025: PostgreSQLDialect does not need to be specified explicitly using 'hibernate.dialect' (remove the property setting and it will be selected by default)
2026-03-26T18:46:03.444+05:30  INFO 87497 --- [rock-iit-neet-api] [  restartedMain] o.h.e.t.j.p.i.JtaPlatformInitiator       : HHH000489: No JTA platform available (set 'hibernate.transaction.jta.platform' to enable JTA platform integration)
2026-03-26T18:46:03.591+05:30  INFO 87497 --- [rock-iit-neet-api] [  restartedMain] j.LocalContainerEntityManagerFactoryBean : Initialized JPA EntityManagerFactory for persistence unit 'default'
2026-03-26T18:46:04.029+05:30  INFO 87497 --- [rock-iit-neet-api] [  restartedMain] o.s.b.d.a.OptionalLiveReloadServer       : LiveReload server is running on port 35729
2026-03-26T18:46:04.050+05:30  INFO 87497 --- [rock-iit-neet-api] [  restartedMain] o.s.b.w.embedded.tomcat.TomcatWebServer  : Tomcat started on port 8080 (http) with context path ''
2026-03-26T18:46:04.057+05:30  INFO 87497 --- [rock-iit-neet-api] [  restartedMain] com.rock.iit.neet.BackendApplication          : Started BackendApplication in 2.473 seconds (process running for 2.699)
2026-03-26T18:47:09.174+05:30  INFO 87497 --- [rock-iit-neet-api] [   File Watcher] rtingClassPathChangeChangedEventListener : Restarting due to 1 class path change (0 additions, 0 deletions, 1 modification)
2026-03-26T18:47:09.196+05:30  INFO 87497 --- [rock-iit-neet-api] [       Thread-5] j.LocalContainerEntityManagerFactoryBean : Closing JPA EntityManagerFactory for persistence unit 'default'
2026-03-26T18:47:09.205+05:30  INFO 87497 --- [rock-iit-neet-api] [       Thread-5] com.zaxxer.hikari.HikariDataSource       : HikariPool-1 - Shutdown initiated...
2026-03-26T18:47:09.210+05:30  INFO 87497 --- [rock-iit-neet-api] [       Thread-5] com.zaxxer.hikari.HikariDataSource       : HikariPool-1 - Shutdown completed.

  .   ____          _            __ _ _
 /\\ / ___'_ __ _ _(_)_ __  __ _ \ \ \ \
( ( )\___ | '_ | '_| | '_ \/ _` | \ \ \ \
 \\/  ___)| |_)| | | | | || (_| |  ) ) ) )
  '  |____| .__|_| |_|_| |_\__, | / / / /
 =========|_|==============|___/=/_/_/_/
 :: Spring Boot ::                (v3.2.4)

2026-03-26T18:47:09.293+05:30  INFO 87497 --- [rock-iit-neet-api] [  restartedMain] com.rock.iit.neet.BackendApplication          : Starting BackendApplication using Java 17.0.12 with PID 87497 (/Users/vishwjeetkumar/Desktop/Rock/rock-iit-neet-api/target/classes started by vishwjeetkumar in /Users/vishwjeetkumar/Desktop/Rock/rock-iit-neet-api)
2026-03-26T18:47:09.293+05:30 DEBUG 87497 --- [rock-iit-neet-api] [  restartedMain] com.rock.iit.neet.BackendApplication          : Running with Spring Boot v3.2.4, Spring v6.1.5
2026-03-26T18:47:09.293+05:30  INFO 87497 --- [rock-iit-neet-api] [  restartedMain] com.rock.iit.neet.BackendApplication          : No active profile set, falling back to 1 default profile: "default"
2026-03-26T18:47:09.391+05:30  INFO 87497 --- [rock-iit-neet-api] [  restartedMain] .s.d.r.c.RepositoryConfigurationDelegate : Bootstrapping Spring Data JPA repositories in DEFAULT mode.
2026-03-26T18:47:09.402+05:30  INFO 87497 --- [rock-iit-neet-api] [  restartedMain] .s.d.r.c.RepositoryConfigurationDelegate : Finished Spring Data repository scanning in 10 ms. Found 6 JPA repository interfaces.
2026-03-26T18:47:09.470+05:30  INFO 87497 --- [rock-iit-neet-api] [  restartedMain] o.s.b.w.embedded.tomcat.TomcatWebServer  : Tomcat initialized with port 8080 (http)
2026-03-26T18:47:09.471+05:30  INFO 87497 --- [rock-iit-neet-api] [  restartedMain] o.apache.catalina.core.StandardService   : Starting service [Tomcat]
2026-03-26T18:47:09.471+05:30  INFO 87497 --- [rock-iit-neet-api] [  restartedMain] o.apache.catalina.core.StandardEngine    : Starting Servlet engine: [Apache Tomcat/10.1.19]
2026-03-26T18:47:09.477+05:30  INFO 87497 --- [rock-iit-neet-api] [  restartedMain] o.a.c.c.C.[Tomcat].[localhost].[/]       : Initializing Spring embedded WebApplicationContext
2026-03-26T18:47:09.477+05:30  INFO 87497 --- [rock-iit-neet-api] [  restartedMain] w.s.c.ServletWebServerApplicationContext : Root WebApplicationContext: initialization completed in 183 ms
2026-03-26T18:47:09.513+05:30  INFO 87497 --- [rock-iit-neet-api] [  restartedMain] o.hibernate.jpa.internal.util.LogHelper  : HHH000204: Processing PersistenceUnitInfo [name: default]
2026-03-26T18:47:09.514+05:30  INFO 87497 --- [rock-iit-neet-api] [  restartedMain] o.h.c.internal.RegionFactoryInitiator    : HHH000026: Second-level cache disabled
2026-03-26T18:47:09.516+05:30  INFO 87497 --- [rock-iit-neet-api] [  restartedMain] o.s.o.j.p.SpringPersistenceUnitInfo      : No LoadTimeWeaver setup: ignoring JPA class transformer
2026-03-26T18:47:09.516+05:30  INFO 87497 --- [rock-iit-neet-api] [  restartedMain] com.zaxxer.hikari.HikariDataSource       : HikariPool-2 - Starting...
2026-03-26T18:47:09.548+05:30  INFO 87497 --- [rock-iit-neet-api] [  restartedMain] com.zaxxer.hikari.pool.HikariPool        : HikariPool-2 - Added connection org.postgresql.jdbc.PgConnection@25005d2f
2026-03-26T18:47:09.548+05:30  INFO 87497 --- [rock-iit-neet-api] [  restartedMain] com.zaxxer.hikari.HikariDataSource       : HikariPool-2 - Start completed.
2026-03-26T18:47:09.572+05:30  WARN 87497 --- [rock-iit-neet-api] [  restartedMain] org.hibernate.orm.deprecation            : HHH90000025: PostgreSQLDialect does not need to be specified explicitly using 'hibernate.dialect' (remove the property setting and it will be selected by default)
2026-03-26T18:47:09.646+05:30  INFO 87497 --- [rock-iit-neet-api] [  restartedMain] o.h.e.t.j.p.i.JtaPlatformInitiator       : HHH000489: No JTA platform available (set 'hibernate.transaction.jta.platform' to enable JTA platform integration)
2026-03-26T18:47:09.790+05:30  INFO 87497 --- [rock-iit-neet-api] [  restartedMain] j.LocalContainerEntityManagerFactoryBean : Initialized JPA EntityManagerFactory for persistence unit 'default'
2026-03-26T18:47:10.024+05:30  INFO 87497 --- [rock-iit-neet-api] [  restartedMain] o.s.b.d.a.OptionalLiveReloadServer       : LiveReload server is running on port 35729
2026-03-26T18:47:10.031+05:30  INFO 87497 --- [rock-iit-neet-api] [  restartedMain] o.s.b.w.embedded.tomcat.TomcatWebServer  : Tomcat started on port 8080 (http) with context path ''
2026-03-26T18:47:10.035+05:30  INFO 87497 --- [rock-iit-neet-api] [  restartedMain] com.rock.iit.neet.BackendApplication          : Started BackendApplication in 0.756 seconds (process running for 68.677)
2026-03-26T18:47:10.037+05:30  INFO 87497 --- [rock-iit-neet-api] [  restartedMain] .ConditionEvaluationDeltaLoggingListener : Condition evaluation unchanged
2026-03-26T18:47:27.650+05:30  INFO 87497 --- [rock-iit-neet-api] [   File Watcher] rtingClassPathChangeChangedEventListener : Restarting due to 1 class path change (0 additions, 0 deletions, 1 modification)
2026-03-26T18:47:27.668+05:30  INFO 87497 --- [rock-iit-neet-api] [       Thread-7] j.LocalContainerEntityManagerFactoryBean : Closing JPA EntityManagerFactory for persistence unit 'default'
2026-03-26T18:47:27.671+05:30  INFO 87497 --- [rock-iit-neet-api] [       Thread-7] com.zaxxer.hikari.HikariDataSource       : HikariPool-2 - Shutdown initiated...
2026-03-26T18:47:27.673+05:30  INFO 87497 --- [rock-iit-neet-api] [       Thread-7] com.zaxxer.hikari.HikariDataSource       : HikariPool-2 - Shutdown completed.

  .   ____          _            __ _ _
 /\\ / ___'_ __ _ _(_)_ __  __ _ \ \ \ \
( ( )\___ | '_ | '_| | '_ \/ _` | \ \ \ \
 \\/  ___)| |_)| | | | | || (_| |  ) ) ) )
  '  |____| .__|_| |_|_| |_\__, | / / / /
 =========|_|==============|___/=/_/_/_/
 :: Spring Boot ::                (v3.2.4)

2026-03-26T18:47:27.749+05:30  INFO 87497 --- [rock-iit-neet-api] [  restartedMain] com.rock.iit.neet.BackendApplication          : Starting BackendApplication using Java 17.0.12 with PID 87497 (/Users/vishwjeetkumar/Desktop/Rock/rock-iit-neet-api/target/classes started by vishwjeetkumar in /Users/vishwjeetkumar/Desktop/Rock/rock-iit-neet-api)
2026-03-26T18:47:27.749+05:30 DEBUG 87497 --- [rock-iit-neet-api] [  restartedMain] com.rock.iit.neet.BackendApplication          : Running with Spring Boot v3.2.4, Spring v6.1.5
2026-03-26T18:47:27.749+05:30  INFO 87497 --- [rock-iit-neet-api] [  restartedMain] com.rock.iit.neet.BackendApplication          : No active profile set, falling back to 1 default profile: "default"
2026-03-26T18:47:27.828+05:30  INFO 87497 --- [rock-iit-neet-api] [  restartedMain] .s.d.r.c.RepositoryConfigurationDelegate : Bootstrapping Spring Data JPA repositories in DEFAULT mode.
2026-03-26T18:47:27.837+05:30  INFO 87497 --- [rock-iit-neet-api] [  restartedMain] .s.d.r.c.RepositoryConfigurationDelegate : Finished Spring Data repository scanning in 8 ms. Found 6 JPA repository interfaces.
2026-03-26T18:47:27.885+05:30  INFO 87497 --- [rock-iit-neet-api] [  restartedMain] o.s.b.w.embedded.tomcat.TomcatWebServer  : Tomcat initialized with port 8081 (http)
2026-03-26T18:47:27.885+05:30  INFO 87497 --- [rock-iit-neet-api] [  restartedMain] o.apache.catalina.core.StandardService   : Starting service [Tomcat]
2026-03-26T18:47:27.885+05:30  INFO 87497 --- [rock-iit-neet-api] [  restartedMain] o.apache.catalina.core.StandardEngine    : Starting Servlet engine: [Apache Tomcat/10.1.19]
2026-03-26T18:47:27.890+05:30  INFO 87497 --- [rock-iit-neet-api] [  restartedMain] o.a.c.c.C.[Tomcat].[localhost].[/]       : Initializing Spring embedded WebApplicationContext
2026-03-26T18:47:27.890+05:30  INFO 87497 --- [rock-iit-neet-api] [  restartedMain] w.s.c.ServletWebServerApplicationContext : Root WebApplicationContext: initialization completed in 141 ms
2026-03-26T18:47:27.909+05:30  INFO 87497 --- [rock-iit-neet-api] [  restartedMain] o.hibernate.jpa.internal.util.LogHelper  : HHH000204: Processing PersistenceUnitInfo [name: default]
2026-03-26T18:47:27.910+05:30  INFO 87497 --- [rock-iit-neet-api] [  restartedMain] o.h.c.internal.RegionFactoryInitiator    : HHH000026: Second-level cache disabled
2026-03-26T18:47:27.912+05:30  INFO 87497 --- [rock-iit-neet-api] [  restartedMain] o.s.o.j.p.SpringPersistenceUnitInfo      : No LoadTimeWeaver setup: ignoring JPA class transformer
2026-03-26T18:47:27.912+05:30  INFO 87497 --- [rock-iit-neet-api] [  restartedMain] com.zaxxer.hikari.HikariDataSource       : HikariPool-3 - Starting...
2026-03-26T18:47:27.949+05:30  INFO 87497 --- [rock-iit-neet-api] [  restartedMain] com.zaxxer.hikari.pool.HikariPool        : HikariPool-3 - Added connection org.postgresql.jdbc.PgConnection@650dda39
2026-03-26T18:47:27.949+05:30  INFO 87497 --- [rock-iit-neet-api] [  restartedMain] com.zaxxer.hikari.HikariDataSource       : HikariPool-3 - Start completed.
2026-03-26T18:47:27.958+05:30  WARN 87497 --- [rock-iit-neet-api] [  restartedMain] org.hibernate.orm.deprecation            : HHH90000025: PostgreSQLDialect does not need to be specified explicitly using 'hibernate.dialect' (remove the property setting and it will be selected by default)
2026-03-26T18:47:28.029+05:30  INFO 87497 --- [rock-iit-neet-api] [  restartedMain] o.h.e.t.j.p.i.JtaPlatformInitiator       : HHH000489: No JTA platform available (set 'hibernate.transaction.jta.platform' to enable JTA platform integration)
2026-03-26T18:47:28.102+05:30  INFO 87497 --- [rock-iit-neet-api] [  restartedMain] j.LocalContainerEntityManagerFactoryBean : Initialized JPA EntityManagerFactory for persistence unit 'default'
2026-03-26T18:47:28.329+05:30  INFO 87497 --- [rock-iit-neet-api] [  restartedMain] o.s.b.d.a.OptionalLiveReloadServer       : LiveReload server is running on port 35729
2026-03-26T18:47:28.337+05:30  INFO 87497 --- [rock-iit-neet-api] [  restartedMain] o.s.b.w.embedded.tomcat.TomcatWebServer  : Tomcat started on port 8081 (http) with context path ''
2026-03-26T18:47:28.341+05:30  INFO 87497 --- [rock-iit-neet-api] [  restartedMain] com.rock.iit.neet.BackendApplication          : Started BackendApplication in 0.604 seconds (process running for 86.983)
2026-03-26T18:47:28.342+05:30  INFO 87497 --- [rock-iit-neet-api] [  restartedMain] .ConditionEvaluationDeltaLoggingListener : Condition evaluation unchanged
2026-03-26T18:47:29.757+05:30  INFO 87497 --- [rock-iit-neet-api] [   File Watcher] rtingClassPathChangeChangedEventListener : Restarting due to 1 class path change (0 additions, 0 deletions, 1 modification)
2026-03-26T18:47:29.761+05:30  INFO 87497 --- [rock-iit-neet-api] [      Thread-11] j.LocalContainerEntityManagerFactoryBean : Closing JPA EntityManagerFactory for persistence unit 'default'
2026-03-26T18:47:29.761+05:30  INFO 87497 --- [rock-iit-neet-api] [      Thread-11] com.zaxxer.hikari.HikariDataSource       : HikariPool-3 - Shutdown initiated...
2026-03-26T18:47:29.762+05:30  INFO 87497 --- [rock-iit-neet-api] [      Thread-11] com.zaxxer.hikari.HikariDataSource       : HikariPool-3 - Shutdown completed.

  .   ____          _            __ _ _
 /\\ / ___'_ __ _ _(_)_ __  __ _ \ \ \ \
( ( )\___ | '_ | '_| | '_ \/ _` | \ \ \ \
 \\/  ___)| |_)| | | | | || (_| |  ) ) ) )
  '  |____| .__|_| |_|_| |_\__, | / / / /
 =========|_|==============|___/=/_/_/_/
 :: Spring Boot ::                (v3.2.4)

2026-03-26T18:47:29.805+05:30  INFO 87497 --- [rock-iit-neet-api] [  restartedMain] com.rock.iit.neet.BackendApplication          : Starting BackendApplication using Java 17.0.12 with PID 87497 (/Users/vishwjeetkumar/Desktop/Rock/rock-iit-neet-api/target/classes started by vishwjeetkumar in /Users/vishwjeetkumar/Desktop/Rock/rock-iit-neet-api)
2026-03-26T18:47:29.805+05:30 DEBUG 87497 --- [rock-iit-neet-api] [  restartedMain] com.rock.iit.neet.BackendApplication          : Running with Spring Boot v3.2.4, Spring v6.1.5
2026-03-26T18:47:29.805+05:30  INFO 87497 --- [rock-iit-neet-api] [  restartedMain] com.rock.iit.neet.BackendApplication          : No active profile set, falling back to 1 default profile: "default"
2026-03-26T18:47:29.870+05:30  INFO 87497 --- [rock-iit-neet-api] [  restartedMain] .s.d.r.c.RepositoryConfigurationDelegate : Bootstrapping Spring Data JPA repositories in DEFAULT mode.
2026-03-26T18:47:29.878+05:30  INFO 87497 --- [rock-iit-neet-api] [  restartedMain] .s.d.r.c.RepositoryConfigurationDelegate : Finished Spring Data repository scanning in 7 ms. Found 6 JPA repository interfaces.
2026-03-26T18:47:29.918+05:30  INFO 87497 --- [rock-iit-neet-api] [  restartedMain] o.s.b.w.embedded.tomcat.TomcatWebServer  : Tomcat initialized with port 8081 (http)
2026-03-26T18:47:29.919+05:30  INFO 87497 --- [rock-iit-neet-api] [  restartedMain] o.apache.catalina.core.StandardService   : Starting service [Tomcat]
2026-03-26T18:47:29.919+05:30  INFO 87497 --- [rock-iit-neet-api] [  restartedMain] o.apache.catalina.core.StandardEngine    : Starting Servlet engine: [Apache Tomcat/10.1.19]
2026-03-26T18:47:29.922+05:30  INFO 87497 --- [rock-iit-neet-api] [  restartedMain] o.a.c.c.C.[Tomcat].[localhost].[/]       : Initializing Spring embedded WebApplicationContext
2026-03-26T18:47:29.923+05:30  INFO 87497 --- [rock-iit-neet-api] [  restartedMain] w.s.c.ServletWebServerApplicationContext : Root WebApplicationContext: initialization completed in 117 ms
2026-03-26T18:47:29.943+05:30  INFO 87497 --- [rock-iit-neet-api] [  restartedMain] o.hibernate.jpa.internal.util.LogHelper  : HHH000204: Processing PersistenceUnitInfo [name: default]
2026-03-26T18:47:29.944+05:30  INFO 87497 --- [rock-iit-neet-api] [  restartedMain] o.h.c.internal.RegionFactoryInitiator    : HHH000026: Second-level cache disabled
2026-03-26T18:47:29.945+05:30  INFO 87497 --- [rock-iit-neet-api] [  restartedMain] o.s.o.j.p.SpringPersistenceUnitInfo      : No LoadTimeWeaver setup: ignoring JPA class transformer
2026-03-26T18:47:29.945+05:30  INFO 87497 --- [rock-iit-neet-api] [  restartedMain] com.zaxxer.hikari.HikariDataSource       : HikariPool-4 - Starting...
2026-03-26T18:47:29.961+05:30  INFO 87497 --- [rock-iit-neet-api] [  restartedMain] com.zaxxer.hikari.pool.HikariPool        : HikariPool-4 - Added connection org.postgresql.jdbc.PgConnection@539ebe84
2026-03-26T18:47:29.961+05:30  INFO 87497 --- [rock-iit-neet-api] [  restartedMain] com.zaxxer.hikari.HikariDataSource       : HikariPool-4 - Start completed.
2026-03-26T18:47:29.968+05:30  WARN 87497 --- [rock-iit-neet-api] [  restartedMain] org.hibernate.orm.deprecation            : HHH90000025: PostgreSQLDialect does not need to be specified explicitly using 'hibernate.dialect' (remove the property setting and it will be selected by default)
2026-03-26T18:47:30.029+05:30  INFO 87497 --- [rock-iit-neet-api] [  restartedMain] o.h.e.t.j.p.i.JtaPlatformInitiator       : HHH000489: No JTA platform available (set 'hibernate.transaction.jta.platform' to enable JTA platform integration)
2026-03-26T18:47:30.105+05:30  INFO 87497 --- [rock-iit-neet-api] [  restartedMain] j.LocalContainerEntityManagerFactoryBean : Initialized JPA EntityManagerFactory for persistence unit 'default'
2026-03-26T18:47:30.320+05:30  INFO 87497 --- [rock-iit-neet-api] [  restartedMain] o.s.b.d.a.OptionalLiveReloadServer       : LiveReload server is running on port 35729
2026-03-26T18:47:30.325+05:30  INFO 87497 --- [rock-iit-neet-api] [  restartedMain] o.s.b.w.embedded.tomcat.TomcatWebServer  : Tomcat started on port 8081 (http) with context path ''
2026-03-26T18:47:30.327+05:30  INFO 87497 --- [rock-iit-neet-api] [  restartedMain] com.rock.iit.neet.BackendApplication          : Started BackendApplication in 0.536 seconds (process running for 88.969)
2026-03-26T18:47:30.328+05:30  INFO 87497 --- [rock-iit-neet-api] [  restartedMain] .ConditionEvaluationDeltaLoggingListener : Condition evaluation unchanged
2026-03-26T18:47:41.894+05:30  INFO 87497 --- [rock-iit-neet-api] [   File Watcher] rtingClassPathChangeChangedEventListener : Restarting due to 1 class path change (0 additions, 0 deletions, 1 modification)
2026-03-26T18:47:41.911+05:30  INFO 87497 --- [rock-iit-neet-api] [      Thread-15] j.LocalContainerEntityManagerFactoryBean : Closing JPA EntityManagerFactory for persistence unit 'default'
2026-03-26T18:47:41.913+05:30  INFO 87497 --- [rock-iit-neet-api] [      Thread-15] com.zaxxer.hikari.HikariDataSource       : HikariPool-4 - Shutdown initiated...
2026-03-26T18:47:41.916+05:30  INFO 87497 --- [rock-iit-neet-api] [      Thread-15] com.zaxxer.hikari.HikariDataSource       : HikariPool-4 - Shutdown completed.

  .   ____          _            __ _ _
 /\\ / ___'_ __ _ _(_)_ __  __ _ \ \ \ \
( ( )\___ | '_ | '_| | '_ \/ _` | \ \ \ \
 \\/  ___)| |_)| | | | | || (_| |  ) ) ) )
  '  |____| .__|_| |_|_| |_\__, | / / / /
 =========|_|==============|___/=/_/_/_/
 :: Spring Boot ::                (v3.2.4)

2026-03-26T18:47:41.991+05:30  INFO 87497 --- [rock-iit-neet-api] [  restartedMain] com.rock.iit.neet.BackendApplication          : Starting BackendApplication using Java 17.0.12 with PID 87497 (/Users/vishwjeetkumar/Desktop/Rock/rock-iit-neet-api/target/classes started by vishwjeetkumar in /Users/vishwjeetkumar/Desktop/Rock/rock-iit-neet-api)
2026-03-26T18:47:41.991+05:30 DEBUG 87497 --- [rock-iit-neet-api] [  restartedMain] com.rock.iit.neet.BackendApplication          : Running with Spring Boot v3.2.4, Spring v6.1.5
2026-03-26T18:47:41.991+05:30  INFO 87497 --- [rock-iit-neet-api] [  restartedMain] com.rock.iit.neet.BackendApplication          : No active profile set, falling back to 1 default profile: "default"
2026-03-26T18:47:42.073+05:30  INFO 87497 --- [rock-iit-neet-api] [  restartedMain] .s.d.r.c.RepositoryConfigurationDelegate : Bootstrapping Spring Data JPA repositories in DEFAULT mode.
2026-03-26T18:47:42.084+05:30  INFO 87497 --- [rock-iit-neet-api] [  restartedMain] .s.d.r.c.RepositoryConfigurationDelegate : Finished Spring Data repository scanning in 10 ms. Found 6 JPA repository interfaces.
2026-03-26T18:47:42.149+05:30  INFO 87497 --- [rock-iit-neet-api] [  restartedMain] o.s.b.w.embedded.tomcat.TomcatWebServer  : Tomcat initialized with port 8085 (http)
2026-03-26T18:47:42.149+05:30  INFO 87497 --- [rock-iit-neet-api] [  restartedMain] o.apache.catalina.core.StandardService   : Starting service [Tomcat]
2026-03-26T18:47:42.149+05:30  INFO 87497 --- [rock-iit-neet-api] [  restartedMain] o.apache.catalina.core.StandardEngine    : Starting Servlet engine: [Apache Tomcat/10.1.19]
2026-03-26T18:47:42.158+05:30  INFO 87497 --- [rock-iit-neet-api] [  restartedMain] o.a.c.c.C.[Tomcat].[localhost].[/]       : Initializing Spring embedded WebApplicationContext
2026-03-26T18:47:42.158+05:30  INFO 87497 --- [rock-iit-neet-api] [  restartedMain] w.s.c.ServletWebServerApplicationContext : Root WebApplicationContext: initialization completed in 166 ms
2026-03-26T18:47:42.182+05:30  INFO 87497 --- [rock-iit-neet-api] [  restartedMain] o.hibernate.jpa.internal.util.LogHelper  : HHH000204: Processing PersistenceUnitInfo [name: default]
2026-03-26T18:47:42.186+05:30  INFO 87497 --- [rock-iit-neet-api] [  restartedMain] o.h.c.internal.RegionFactoryInitiator    : HHH000026: Second-level cache disabled
2026-03-26T18:47:42.190+05:30  INFO 87497 --- [rock-iit-neet-api] [  restartedMain] o.s.o.j.p.SpringPersistenceUnitInfo      : No LoadTimeWeaver setup: ignoring JPA class transformer
2026-03-26T18:47:42.190+05:30  INFO 87497 --- [rock-iit-neet-api] [  restartedMain] com.zaxxer.hikari.HikariDataSource       : HikariPool-5 - Starting...
2026-03-26T18:47:42.219+05:30  INFO 87497 --- [rock-iit-neet-api] [  restartedMain] com.zaxxer.hikari.pool.HikariPool        : HikariPool-5 - Added connection org.postgresql.jdbc.PgConnection@15c9da4c
2026-03-26T18:47:42.219+05:30  INFO 87497 --- [rock-iit-neet-api] [  restartedMain] com.zaxxer.hikari.HikariDataSource       : HikariPool-5 - Start completed.
2026-03-26T18:47:42.228+05:30  WARN 87497 --- [rock-iit-neet-api] [  restartedMain] org.hibernate.orm.deprecation            : HHH90000025: PostgreSQLDialect does not need to be specified explicitly using 'hibernate.dialect' (remove the property setting and it will be selected by default)
2026-03-26T18:47:42.283+05:30  INFO 87497 --- [rock-iit-neet-api] [  restartedMain] o.h.e.t.j.p.i.JtaPlatformInitiator       : HHH000489: No JTA platform available (set 'hibernate.transaction.jta.platform' to enable JTA platform integration)
2026-03-26T18:47:42.365+05:30  INFO 87497 --- [rock-iit-neet-api] [  restartedMain] j.LocalContainerEntityManagerFactoryBean : Initialized JPA EntityManagerFactory for persistence unit 'default'
2026-03-26T18:47:42.565+05:30  INFO 87497 --- [rock-iit-neet-api] [  restartedMain] o.s.b.d.a.OptionalLiveReloadServer       : LiveReload server is running on port 35729
2026-03-26T18:47:42.575+05:30  INFO 87497 --- [rock-iit-neet-api] [  restartedMain] o.s.b.w.embedded.tomcat.TomcatWebServer  : Tomcat started on port 8085 (http) with context path ''
2026-03-26T18:47:42.578+05:30  INFO 87497 --- [rock-iit-neet-api] [  restartedMain] com.rock.iit.neet.BackendApplication          : Started BackendApplication in 0.6 seconds (process running for 101.22)
2026-03-26T18:47:42.579+05:30  INFO 87497 --- [rock-iit-neet-api] [  restartedMain] .ConditionEvaluationDeltaLoggingListener : Condition evaluation unchanged
2026-03-26T18:48:00.194+05:30  INFO 87497 --- [rock-iit-neet-api] [   File Watcher] rtingClassPathChangeChangedEventListener : Restarting due to 1 class path change (0 additions, 0 deletions, 1 modification)
2026-03-26T18:48:00.212+05:30  INFO 87497 --- [rock-iit-neet-api] [      Thread-19] j.LocalContainerEntityManagerFactoryBean : Closing JPA EntityManagerFactory for persistence unit 'default'
2026-03-26T18:48:00.214+05:30  INFO 87497 --- [rock-iit-neet-api] [      Thread-19] com.zaxxer.hikari.HikariDataSource       : HikariPool-5 - Shutdown initiated...
2026-03-26T18:48:00.220+05:30  INFO 87497 --- [rock-iit-neet-api] [      Thread-19] com.zaxxer.hikari.HikariDataSource       : HikariPool-5 - Shutdown completed.

  .   ____          _            __ _ _
 /\\ / ___'_ __ _ _(_)_ __  __ _ \ \ \ \
( ( )\___ | '_ | '_| | '_ \/ _` | \ \ \ \
 \\/  ___)| |_)| | | | | || (_| |  ) ) ) )
  '  |____| .__|_| |_|_| |_\__, | / / / /
 =========|_|==============|___/=/_/_/_/
 :: Spring Boot ::                (v3.2.4)

2026-03-26T18:48:00.307+05:30  INFO 87497 --- [rock-iit-neet-api] [  restartedMain] com.rock.iit.neet.BackendApplication          : Starting BackendApplication using Java 17.0.12 with PID 87497 (/Users/vishwjeetkumar/Desktop/Rock/rock-iit-neet-api/target/classes started by vishwjeetkumar in /Users/vishwjeetkumar/Desktop/Rock/rock-iit-neet-api)
2026-03-26T18:48:00.307+05:30 DEBUG 87497 --- [rock-iit-neet-api] [  restartedMain] com.rock.iit.neet.BackendApplication          : Running with Spring Boot v3.2.4, Spring v6.1.5
2026-03-26T18:48:00.307+05:30  INFO 87497 --- [rock-iit-neet-api] [  restartedMain] com.rock.iit.neet.BackendApplication          : No active profile set, falling back to 1 default profile: "default"
2026-03-26T18:48:00.397+05:30  INFO 87497 --- [rock-iit-neet-api] [  restartedMain] .s.d.r.c.RepositoryConfigurationDelegate : Bootstrapping Spring Data JPA repositories in DEFAULT mode.
2026-03-26T18:48:00.406+05:30  INFO 87497 --- [rock-iit-neet-api] [  restartedMain] .s.d.r.c.RepositoryConfigurationDelegate : Finished Spring Data repository scanning in 8 ms. Found 6 JPA repository interfaces.
2026-03-26T18:48:00.472+05:30  INFO 87497 --- [rock-iit-neet-api] [  restartedMain] o.s.b.w.embedded.tomcat.TomcatWebServer  : Tomcat initialized with port 9090 (http)
2026-03-26T18:48:00.473+05:30  INFO 87497 --- [rock-iit-neet-api] [  restartedMain] o.apache.catalina.core.StandardService   : Starting service [Tomcat]
2026-03-26T18:48:00.473+05:30  INFO 87497 --- [rock-iit-neet-api] [  restartedMain] o.apache.catalina.core.StandardEngine    : Starting Servlet engine: [Apache Tomcat/10.1.19]
2026-03-26T18:48:00.477+05:30  INFO 87497 --- [rock-iit-neet-api] [  restartedMain] o.a.c.c.C.[Tomcat].[localhost].[/]       : Initializing Spring embedded WebApplicationContext
2026-03-26T18:48:00.477+05:30  INFO 87497 --- [rock-iit-neet-api] [  restartedMain] w.s.c.ServletWebServerApplicationContext : Root WebApplicationContext: initialization completed in 169 ms
2026-03-26T18:48:00.501+05:30  INFO 87497 --- [rock-iit-neet-api] [  restartedMain] o.hibernate.jpa.internal.util.LogHelper  : HHH000204: Processing PersistenceUnitInfo [name: default]
2026-03-26T18:48:00.502+05:30  INFO 87497 --- [rock-iit-neet-api] [  restartedMain] o.h.c.internal.RegionFactoryInitiator    : HHH000026: Second-level cache disabled
2026-03-26T18:48:00.505+05:30  INFO 87497 --- [rock-iit-neet-api] [  restartedMain] o.s.o.j.p.SpringPersistenceUnitInfo      : No LoadTimeWeaver setup: ignoring JPA class transformer
2026-03-26T18:48:00.505+05:30  INFO 87497 --- [rock-iit-neet-api] [  restartedMain] com.zaxxer.hikari.HikariDataSource       : HikariPool-6 - Starting...
2026-03-26T18:48:00.533+05:30  INFO 87497 --- [rock-iit-neet-api] [  restartedMain] com.zaxxer.hikari.pool.HikariPool        : HikariPool-6 - Added connection org.postgresql.jdbc.PgConnection@7b31caec
2026-03-26T18:48:00.533+05:30  INFO 87497 --- [rock-iit-neet-api] [  restartedMain] com.zaxxer.hikari.HikariDataSource       : HikariPool-6 - Start completed.
2026-03-26T18:48:00.546+05:30  WARN 87497 --- [rock-iit-neet-api] [  restartedMain] org.hibernate.orm.deprecation            : HHH90000025: PostgreSQLDialect does not need to be specified explicitly using 'hibernate.dialect' (remove the property setting and it will be selected by default)
2026-03-26T18:48:00.608+05:30  INFO 87497 --- [rock-iit-neet-api] [  restartedMain] o.h.e.t.j.p.i.JtaPlatformInitiator       : HHH000489: No JTA platform available (set 'hibernate.transaction.jta.platform' to enable JTA platform integration)
2026-03-26T18:48:00.697+05:30  INFO 87497 --- [rock-iit-neet-api] [  restartedMain] j.LocalContainerEntityManagerFactoryBean : Initialized JPA EntityManagerFactory for persistence unit 'default'
2026-03-26T18:48:00.952+05:30  INFO 87497 --- [rock-iit-neet-api] [  restartedMain] o.s.b.d.a.OptionalLiveReloadServer       : LiveReload server is running on port 35729
2026-03-26T18:48:00.963+05:30  INFO 87497 --- [rock-iit-neet-api] [  restartedMain] o.s.b.w.embedded.tomcat.TomcatWebServer  : Tomcat started on port 9090 (http) with context path ''
2026-03-26T18:48:00.965+05:30  INFO 87497 --- [rock-iit-neet-api] [  restartedMain] com.rock.iit.neet.BackendApplication          : Started BackendApplication in 0.677 seconds (process running for 119.607)
2026-03-26T18:48:00.966+05:30  INFO 87497 --- [rock-iit-neet-api] [  restartedMain] .ConditionEvaluationDeltaLoggingListener : Condition evaluation unchanged
[INFO] ------------------------------------------------------------------------
[INFO] BUILD FAILURE
[INFO] ------------------------------------------------------------------------
[INFO] Total time:  03:13 min
[INFO] Finished at: 2026-03-26T18:49:13+05:30
[INFO] ------------------------------------------------------------------------
[ERROR] Failed to execute goal org.springframework.boot:spring-boot-maven-plugin:3.2.4:run (default-cli) on project backend: Process terminated with exit code: 137 -> [Help 1]
[ERROR] 
[ERROR] To see the full stack trace of the errors, re-run Maven with the -e switch.
[ERROR] Re-run Maven using the -X switch to enable full debug logging.
[ERROR] 
[ERROR] For more information about the errors and possible solutions, please read the following articles:
[ERROR] [Help 1] http://cwiki.apache.org/confluence/display/MAVEN/MojoExecutionException
